c:\users\owner\desktop\hci\10주차\27_20181039이지현\x64\release\27_20181039이지현.ipdb
c:\users\owner\desktop\hci\10주차\27_20181039이지현\x64\release\27_20181039이지현.iobj
c:\users\owner\desktop\hci\11주차\27_20181039이지현\x64\release\27_20181039이지현.ipdb
c:\users\owner\desktop\hci\11주차\27_20181039이지현\x64\release\27_20181039이지현.iobj
c:\users\owner\desktop\hci\12주차\27_20181039이지현\x64\release\27_20181039이지현.ipdb
c:\users\owner\desktop\hci\12주차\27_20181039이지현\x64\release\27_20181039이지현.iobj
c:\users\owner\desktop\hci\10주차\27_20181039이지현\27_20181039이지현\x64\release\vc141.pdb
c:\users\owner\desktop\hci\10주차\27_20181039이지현\27_20181039이지현\x64\release\27_20181039이지현.obj
c:\users\owner\desktop\hci\11주차\27_20181039이지현\27_20181039이지현\x64\release\vc141.pdb
c:\users\owner\desktop\hci\11주차\27_20181039이지현\27_20181039이지현\x64\release\27_20181039이지현.obj
c:\users\owner\desktop\hci\12주차\27_20181039이지현\27_20181039이지현\x64\release\vc141.pdb
c:\users\owner\desktop\hci\12주차\27_20181039이지현\27_20181039이지현\x64\release\27_20181039이지현.obj
c:\users\owner\desktop\hci\10주차\27_20181039이지현\x64\release\27_20181039이지현.exe
c:\users\owner\desktop\hci\10주차\27_20181039이지현\x64\release\27_20181039이지현.pdb
c:\users\owner\desktop\hci\11주차\27_20181039이지현\x64\release\27_20181039이지현.exe
c:\users\owner\desktop\hci\11주차\27_20181039이지현\x64\release\27_20181039이지현.pdb
c:\users\owner\desktop\hci\12주차\27_20181039이지현\x64\release\27_20181039이지현.exe
c:\users\owner\desktop\hci\12주차\27_20181039이지현\x64\release\27_20181039이지현.pdb
c:\users\owner\desktop\hci\12주차\27_20181039이지현\27_20181039이지현\x64\release\27_20181039이지현.tlog\27_20181039이지현.write.1u.tlog
c:\users\owner\desktop\hci\12주차\27_20181039이지현\27_20181039이지현\x64\release\27_20181039이지현.tlog\cl.command.1.tlog
c:\users\owner\desktop\hci\12주차\27_20181039이지현\27_20181039이지현\x64\release\27_20181039이지현.tlog\cl.read.1.tlog
c:\users\owner\desktop\hci\12주차\27_20181039이지현\27_20181039이지현\x64\release\27_20181039이지현.tlog\cl.write.1.tlog
c:\users\owner\desktop\hci\12주차\27_20181039이지현\27_20181039이지현\x64\release\27_20181039이지현.tlog\link.command.1.tlog
c:\users\owner\desktop\hci\12주차\27_20181039이지현\27_20181039이지현\x64\release\27_20181039이지현.tlog\link.read.1.tlog
c:\users\owner\desktop\hci\12주차\27_20181039이지현\27_20181039이지현\x64\release\27_20181039이지현.tlog\link.write.1.tlog
